#
# There is insufficient memory for the Java Runtime Environment to continue.
# Native memory allocation (mmap) failed to map 268435456 bytes for Failed to commit area from 0x0000000701600000 to 0x0000000711600000 of length 268435456.
# Possible reasons:
#   The system is out of physical RAM or swap space
#   The process is running with CompressedOops enabled, and the Java Heap may be blocking the growth of the native heap
# Possible solutions:
#   Reduce memory load on the system
#   Increase physical memory or swap space
#   Check if swap backing store is full
#   Decrease Java heap size (-Xmx/-Xms)
#   Decrease number of Java threads
#   Decrease Java thread stack sizes (-Xss)
#   Set larger code cache with -XX:ReservedCodeCacheSize=
# This output file may be truncated or incomplete.
#
#  Out of Memory Error (./open/src/hotspot/os/windows/os_windows.cpp:3293), pid=27040, tid=26404
#
# JRE version:  (11.0.20+9) (build )
# Java VM: Java HotSpot(TM) 64-Bit Server VM (11.0.20+9-LTS-256, mixed mode, sharing, tiered, compressed oops, g1 gc, windows-amd64)
# No core dump will be written. Minidumps are not enabled by default on client versions of Windows
#

---------------  S U M M A R Y ------------

Command Line: -Dfile.encoding=UTF-8 -Dstdout.encoding=UTF-8 -Dstderr.encoding=UTF-8 day0118.Quiz_11

Host: Intel(R) Core(TM) i7-6700 CPU @ 3.40GHz, 8 cores, 15G,  Windows 10 , 64 bit Build 19041 (10.0.19041.3636)
Time: Thu Jan 18 17:48:37 2024  Windows 10 , 64 bit Build 19041 (10.0.19041.3636) elapsed time: 0.012272 seconds (0d 0h 0m 0s)

---------------  T H R E A D  ---------------

Current thread (0x000002ccb6f20000):  JavaThread "Unknown thread" [_thread_in_vm, id=26404, stack(0x000000d87e800000,0x000000d87e900000)]

Stack: [0x000000d87e800000,0x000000d87e900000]
Native frames: (J=compiled Java code, j=interpreted, Vv=VM code, C=native code)
V  [jvm.dll+0x6602ba]
V  [jvm.dll+0x7a32af]
V  [jvm.dll+0x7a4979]
V  [jvm.dll+0x7a5013]
V  [jvm.dll+0x258ef5]
V  [jvm.dll+0x65d619]
V  [jvm.dll+0x652375]
V  [jvm.dll+0x31359d]
V  [jvm.dll+0x313402]
V  [jvm.dll+0x318036]
V  [jvm.dll+0x360130]
V  [jvm.dll+0x35fba2]
V  [jvm.dll+0x2eec28]
V  [jvm.dll+0x2efd35]
V  [jvm.dll+0x77c327]
V  [jvm.dll+0x77dc0f]
V  [jvm.dll+0x36d3d9]
V  [jvm.dll+0x760d0f]
V  [jvm.dll+0x3df467]
V  [jvm.dll+0x3e1511]
C  [jli.dll+0x52e7]
C  [ucrtbase.dll+0x21bb2]
C  [KERNEL32.DLL+0x17344]
C  [ntdll.dll+0x526b1]


---------------  P R O C E S S  ---------------

Threads class SMR info:
_java_thread_list=0x000002ccb6d747b0, length=0, elements={
}

Java Threads: ( => current thread )

Other Threads:
  0x000002ccb6f34800 GCTaskThread "GC Thread#0" [stack: 0x000000d87e900000,0x000000d87ea00000] [id=24772]
  0x000002ccb6f94000 ConcurrentGCThread "G1 Main Marker" [stack: 0x000000d87ea00000,0x000000d87eb00000] [id=132]
  0x000002ccb6f95000 ConcurrentGCThread "G1 Conc#0" [stack: 0x000000d87eb00000,0x000000d87ec00000] [id=24148]

[error occurred during error reporting (printing all threads), id 0xc0000005, EXCEPTION_ACCESS_VIOLATION (0xc0000005) at pc=0x00007ff9cc59f6e7]

VM state:not at safepoint (not fully initialized)

VM Mutex/Monitor currently owned by a thread:  ([mutex/lock_event])
[0x000002ccb6f1d290] Heap_lock - owner thread: 0x000002ccb6f20000

Heap address: 0x0000000701600000, size: 4074 MB, Compressed Oops mode: Non-zero based: 0x0000000701600000
Narrow klass base: 0x0000000000000000, Narrow klass shift: 0

GC Heap History (0 events):
No events

Deoptimization events (0 events):
No events

Classes redefined (0 events):
No events

Internal exceptions (0 events):
No events

Events (0 events):
No events


Dynamic libraries:
0x00007ff758650000 - 0x00007ff758660000 	C:\Program Files\Java\jdk-11\bin\javaw.exe
0x00007ffa4cad0000 - 0x00007ffa4ccc8000 	C:\WINDOWS\SYSTEM32\ntdll.dll
0x00007ffa4be80000 - 0x00007ffa4bf3d000 	C:\WINDOWS\System32\KERNEL32.DLL
0x00007ffa4a290000 - 0x00007ffa4a586000 	C:\WINDOWS\System32\KERNELBASE.dll
0x00007ffa4a590000 - 0x00007ffa4a690000 	C:\WINDOWS\System32\ucrtbase.dll
0x00007ffa39e30000 - 0x00007ffa39e4b000 	C:\Program Files\Java\jdk-11\bin\VCRUNTIME140.dll
0x00007ffa420b0000 - 0x00007ffa420c9000 	C:\Program Files\Java\jdk-11\bin\jli.dll
0x00007ffa4c230000 - 0x00007ffa4c2e3000 	C:\WINDOWS\System32\ADVAPI32.dll
0x00007ffa4ba90000 - 0x00007ffa4bb2e000 	C:\WINDOWS\System32\msvcrt.dll
0x00007ffa4c8d0000 - 0x00007ffa4c96f000 	C:\WINDOWS\System32\sechost.dll
0x00007ffa4bb90000 - 0x00007ffa4bcb6000 	C:\WINDOWS\System32\RPCRT4.dll
0x00007ffa4a9d0000 - 0x00007ffa4a9f7000 	C:\WINDOWS\System32\bcrypt.dll
0x00007ffa4c730000 - 0x00007ffa4c8ce000 	C:\WINDOWS\System32\USER32.dll
0x00007ffa4a210000 - 0x00007ffa4a232000 	C:\WINDOWS\System32\win32u.dll
0x00007ffa34450000 - 0x00007ffa346ea000 	C:\WINDOWS\WinSxS\amd64_microsoft.windows.common-controls_6595b64144ccf1df_6.0.19041.3636_none_60b6a03d71f818d5\COMCTL32.dll
0x00007ffa4c700000 - 0x00007ffa4c72c000 	C:\WINDOWS\System32\GDI32.dll
0x00007ffa4aa00000 - 0x00007ffa4ab1a000 	C:\WINDOWS\System32\gdi32full.dll
0x00007ffa4a7d0000 - 0x00007ffa4a86d000 	C:\WINDOWS\System32\msvcp_win.dll
0x00007ffa44900000 - 0x00007ffa4490a000 	C:\WINDOWS\SYSTEM32\VERSION.dll
0x00007ffa4ae20000 - 0x00007ffa4ae50000 	C:\WINDOWS\System32\IMM32.DLL
0x00007ffa45bc0000 - 0x00007ffa45bcc000 	C:\Program Files\Java\jdk-11\bin\vcruntime140_1.dll
0x00007ffa37b10000 - 0x00007ffa37b9e000 	C:\Program Files\Java\jdk-11\bin\msvcp140.dll
0x00007ff9cc2a0000 - 0x00007ff9cce0d000 	C:\Program Files\Java\jdk-11\bin\server\jvm.dll
0x00007ffa4ab20000 - 0x00007ffa4ab28000 	C:\WINDOWS\System32\PSAPI.DLL
0x00007ffa35540000 - 0x00007ffa35567000 	C:\WINDOWS\SYSTEM32\WINMM.dll
0x00007ff9ffc30000 - 0x00007ff9ffc39000 	C:\WINDOWS\SYSTEM32\WSOCK32.dll
0x00007ffa4bf60000 - 0x00007ffa4bfcb000 	C:\WINDOWS\System32\WS2_32.dll
0x00007ffa48070000 - 0x00007ffa48082000 	C:\WINDOWS\SYSTEM32\kernel.appcore.dll
0x00007ffa3a170000 - 0x00007ffa3a180000 	C:\Program Files\Java\jdk-11\bin\verify.dll
0x00007ffa36220000 - 0x00007ffa36404000 	C:\WINDOWS\SYSTEM32\DBGHELP.DLL
0x00007ffa36ec0000 - 0x00007ffa36ef4000 	C:\WINDOWS\SYSTEM32\dbgcore.DLL
0x00007ffa4a740000 - 0x00007ffa4a7c2000 	C:\WINDOWS\System32\bcryptPrimitives.dll
0x00007ffa37ae0000 - 0x00007ffa37b08000 	C:\Program Files\Java\jdk-11\bin\java.dll
0x00007ffa39e20000 - 0x00007ffa39e2a000 	C:\Program Files\Java\jdk-11\bin\jimage.dll
0x00007ffa32f90000 - 0x00007ffa32fa7000 	C:\Program Files\Java\jdk-11\bin\zip.dll

dbghelp: loaded successfully - version: 4.0.5 - missing functions: none
symbol engine: initialized successfully - sym options: 0x614 - pdb path: .;C:\Program Files\Java\jdk-11\bin;C:\WINDOWS\SYSTEM32;C:\WINDOWS\WinSxS\amd64_microsoft.windows.common-controls_6595b64144ccf1df_6.0.19041.3636_none_60b6a03d71f818d5;C:\Program Files\Java\jdk-11\bin\server

VM Arguments:
jvm_args: -Dfile.encoding=UTF-8 -Dstdout.encoding=UTF-8 -Dstderr.encoding=UTF-8 
java_command: day0118.Quiz_11
java_class_path (initial): C:\sist0103\work\JavaProject\Sist0103\bin
Launcher Type: SUN_STANDARD

[Global flags]
     intx CICompilerCount                          = 4                                         {product} {ergonomic}
     uint ConcGCThreads                            = 2                                         {product} {ergonomic}
     uint G1ConcRefinementThreads                  = 8                                         {product} {ergonomic}
   size_t G1HeapRegionSize                         = 1048576                                   {product} {ergonomic}
    uintx GCDrainStackTargetSize                   = 64                                        {product} {ergonomic}
   size_t InitialHeapSize                          = 268435456                                 {product} {ergonomic}
   size_t MarkStackSize                            = 4194304                                   {product} {ergonomic}
   size_t MaxHeapSize                              = 4271898624                                {product} {ergonomic}
   size_t MinHeapDeltaBytes                        = 1048576                                   {product} {ergonomic}
    uintx NonNMethodCodeHeapSize                   = 5836300                                {pd product} {ergonomic}
    uintx NonProfiledCodeHeapSize                  = 122910970                              {pd product} {ergonomic}
    uintx ProfiledCodeHeapSize                     = 122910970                              {pd product} {ergonomic}
    uintx ReservedCodeCacheSize                    = 251658240                              {pd product} {ergonomic}
     bool SegmentedCodeCache                       = true                                      {product} {ergonomic}
     bool UseCompressedClassPointers               = true                                 {lp64_product} {ergonomic}
     bool UseCompressedOops                        = true                                 {lp64_product} {ergonomic}
     bool UseG1GC                                  = true                                      {product} {ergonomic}
     bool UseLargePagesIndividualAllocation        = false                                  {pd product} {ergonomic}

Logging:
Log output configuration:
 #0: stdout all=warning uptime,level,tags
 #1: stderr all=off uptime,level,tags

Environment Variables:
JAVA_HOME=C:\Program Files\Java\jdk-11
PATH=C:/Users/user/.p2/pool/plugins/org.eclipse.justj.openjdk.hotspot.jre.full.win32.x86_64_17.0.9.v20231028-0858/jre/bin/server;C:/Users/user/.p2/pool/plugins/org.eclipse.justj.openjdk.hotspot.jre.full.win32.x86_64_17.0.9.v20231028-0858/jre/bin;C:\Program Files\Common Files\Oracle\Java\javapath;C:\Program Files (x86)\Intel\Intel(R) Management Engine Components\iCLS\;C:\Program Files\Intel\Intel(R) Management Engine Components\iCLS\;C:\WINDOWS\system32;C:\WINDOWS;C:\WINDOWS\System32\Wbem;C:\WINDOWS\System32\WindowsPowerShell\v1.0\;C:\WINDOWS\System32\OpenSSH\;C:\Program Files (x86)\Intel\Intel(R) Management Engine Components\DAL;C:\Program Files\Intel\Intel(R) Management Engine Components\DAL;C:\Program Files (x86)\Intel\Intel(R) Management Engine Components\IPT;C:\Program Files\Intel\Intel(R) Management Engine Components\IPT;C:\Program Files\Bandizip\;C:\Program Files\Java\jdk-11\bin;C:\Program Files\Git\cmd;C:\Users\user\AppData\Local\Microsoft\WindowsApps;;C:\Users\user\Desktop;
USERNAME=user
OS=Windows_NT
PROCESSOR_IDENTIFIER=Intel64 Family 6 Model 94 Stepping 3, GenuineIntel



---------------  S Y S T E M  ---------------

OS: Windows 10 , 64 bit Build 19041 (10.0.19041.3636)

CPU:total 8 (initial active 8) (4 cores per cpu, 2 threads per core) family 6 model 94 stepping 3 microcode 0xcc, cmov, cx8, fxsr, mmx, sse, sse2, sse3, ssse3, sse4.1, sse4.2, popcnt, avx, avx2, aes, clmul, erms, rtm, 3dnowpref, lzcnt, ht, tsc, tscinvbit, bmi1, bmi2, adx, fma

Memory: 4k page, system-wide physical 16295M (6752M free)
TotalPageFile size 65447M (AvailPageFile size 105M)
current process WorkingSet (physical memory assigned to process): 10M, peak: 10M
current process commit charge ("private bytes"): 60M, peak: 316M

vm_info: Java HotSpot(TM) 64-Bit Server VM (11.0.20+9-LTS-256) for windows-amd64 JRE (11.0.20+9-LTS-256), built on Jun 14 2023 10:34:22 by "mach5one" with MS VC++ 17.1 (VS2022)

END.
